Determining if the pthread_create exist failed with the following output:
Change Dir: /home/sean/CLionProjects/rehash/cmake-build-debug/CMakeFiles/CMakeTmp

Run Build Command:"/usr/bin/make" "cmTC_9c4f6/fast"
make[1]: Entering directory '/home/sean/CLionProjects/rehash/cmake-build-debug/CMakeFiles/CMakeTmp'
/usr/bin/make -f CMakeFiles/cmTC_9c4f6.dir/build.make CMakeFiles/cmTC_9c4f6.dir/build
make[2]: Entering directory '/home/sean/CLionProjects/rehash/cmake-build-debug/CMakeFiles/CMakeTmp'
Building C object CMakeFiles/cmTC_9c4f6.dir/CheckSymbolExists.c.o
/usr/bin/cc   -std=gnu99 -o CMakeFiles/cmTC_9c4f6.dir/CheckSymbolExists.c.o   -c /home/sean/CLionProjects/rehash/cmake-build-debug/CMakeFiles/CMakeTmp/CheckSymbolExists.c
Linking C executable cmTC_9c4f6
/home/sean/Downloads/clion-2017.2.3/bin/cmake/bin/cmake -E cmake_link_script CMakeFiles/cmTC_9c4f6.dir/link.txt --verbose=1
/usr/bin/cc      CMakeFiles/cmTC_9c4f6.dir/CheckSymbolExists.c.o  -o cmTC_9c4f6 
CMakeFiles/cmTC_9c4f6.dir/CheckSymbolExists.c.o: In function `main':
CheckSymbolExists.c:(.text+0x16): undefined reference to `pthread_create'
collect2: error: ld returned 1 exit status
CMakeFiles/cmTC_9c4f6.dir/build.make:97: recipe for target 'cmTC_9c4f6' failed
make[2]: *** [cmTC_9c4f6] Error 1
make[2]: Leaving directory '/home/sean/CLionProjects/rehash/cmake-build-debug/CMakeFiles/CMakeTmp'
Makefile:126: recipe for target 'cmTC_9c4f6/fast' failed
make[1]: *** [cmTC_9c4f6/fast] Error 2
make[1]: Leaving directory '/home/sean/CLionProjects/rehash/cmake-build-debug/CMakeFiles/CMakeTmp'

File /home/sean/CLionProjects/rehash/cmake-build-debug/CMakeFiles/CMakeTmp/CheckSymbolExists.c:
/* */
#include <pthread.h>

int main(int argc, char** argv)
{
  (void)argv;
#ifndef pthread_create
  return ((int*)(&pthread_create))[argc];
#else
  (void)argc;
  return 0;
#endif
}

Determining if the function pthread_create exists in the pthreads failed with the following output:
Change Dir: /home/sean/CLionProjects/rehash/cmake-build-debug/CMakeFiles/CMakeTmp

Run Build Command:"/usr/bin/make" "cmTC_82325/fast"
make[1]: Entering directory '/home/sean/CLionProjects/rehash/cmake-build-debug/CMakeFiles/CMakeTmp'
/usr/bin/make -f CMakeFiles/cmTC_82325.dir/build.make CMakeFiles/cmTC_82325.dir/build
make[2]: Entering directory '/home/sean/CLionProjects/rehash/cmake-build-debug/CMakeFiles/CMakeTmp'
Building C object CMakeFiles/cmTC_82325.dir/CheckFunctionExists.c.o
/usr/bin/cc   -DCHECK_FUNCTION_EXISTS=pthread_create   -std=gnu99 -o CMakeFiles/cmTC_82325.dir/CheckFunctionExists.c.o   -c /home/sean/Downloads/clion-2017.2.3/bin/cmake/share/cmake-3.8/Modules/CheckFunctionExists.c
Linking C executable cmTC_82325
/home/sean/Downloads/clion-2017.2.3/bin/cmake/bin/cmake -E cmake_link_script CMakeFiles/cmTC_82325.dir/link.txt --verbose=1
/usr/bin/cc  -DCHECK_FUNCTION_EXISTS=pthread_create    CMakeFiles/cmTC_82325.dir/CheckFunctionExists.c.o  -o cmTC_82325 -lpthreads 
/usr/bin/ld: cannot find -lpthreads
collect2: error: ld returned 1 exit status
CMakeFiles/cmTC_82325.dir/build.make:97: recipe for target 'cmTC_82325' failed
make[2]: *** [cmTC_82325] Error 1
make[2]: Leaving directory '/home/sean/CLionProjects/rehash/cmake-build-debug/CMakeFiles/CMakeTmp'
Makefile:126: recipe for target 'cmTC_82325/fast' failed
make[1]: *** [cmTC_82325/fast] Error 2
make[1]: Leaving directory '/home/sean/CLionProjects/rehash/cmake-build-debug/CMakeFiles/CMakeTmp'


