Determining if the pthread_create exist failed with the following output:
Change Dir: /home/sean/CLionProjects/cppAtomic/cmake-build-debug/CMakeFiles/CMakeTmp

Run Build Command:"/usr/bin/make" "cmTC_f425a/fast"
make[1]: Entering directory '/home/sean/CLionProjects/cppAtomic/cmake-build-debug/CMakeFiles/CMakeTmp'
/usr/bin/make -f CMakeFiles/cmTC_f425a.dir/build.make CMakeFiles/cmTC_f425a.dir/build
make[2]: Entering directory '/home/sean/CLionProjects/cppAtomic/cmake-build-debug/CMakeFiles/CMakeTmp'
Building C object CMakeFiles/cmTC_f425a.dir/CheckSymbolExists.c.o
/usr/bin/cc    -o CMakeFiles/cmTC_f425a.dir/CheckSymbolExists.c.o   -c /home/sean/CLionProjects/cppAtomic/cmake-build-debug/CMakeFiles/CMakeTmp/CheckSymbolExists.c
Linking C executable cmTC_f425a
/home/sean/Downloads/clion-2017.2.3/bin/cmake/bin/cmake -E cmake_link_script CMakeFiles/cmTC_f425a.dir/link.txt --verbose=1
/usr/bin/cc      CMakeFiles/cmTC_f425a.dir/CheckSymbolExists.c.o  -o cmTC_f425a 
CMakeFiles/cmTC_f425a.dir/CheckSymbolExists.c.o: In function `main':
CheckSymbolExists.c:(.text+0x16): undefined reference to `pthread_create'
collect2: error: ld returned 1 exit status
CMakeFiles/cmTC_f425a.dir/build.make:97: recipe for target 'cmTC_f425a' failed
make[2]: *** [cmTC_f425a] Error 1
make[2]: Leaving directory '/home/sean/CLionProjects/cppAtomic/cmake-build-debug/CMakeFiles/CMakeTmp'
Makefile:126: recipe for target 'cmTC_f425a/fast' failed
make[1]: *** [cmTC_f425a/fast] Error 2
make[1]: Leaving directory '/home/sean/CLionProjects/cppAtomic/cmake-build-debug/CMakeFiles/CMakeTmp'

File /home/sean/CLionProjects/cppAtomic/cmake-build-debug/CMakeFiles/CMakeTmp/CheckSymbolExists.c:
/* */
#include <pthread.h>

int main(int argc, char** argv)
{
  (void)argv;
#ifndef pthread_create
  return ((int*)(&pthread_create))[argc];
#else
  (void)argc;
  return 0;
#endif
}

Determining if the function pthread_create exists in the pthreads failed with the following output:
Change Dir: /home/sean/CLionProjects/cppAtomic/cmake-build-debug/CMakeFiles/CMakeTmp

Run Build Command:"/usr/bin/make" "cmTC_12cdc/fast"
make[1]: Entering directory '/home/sean/CLionProjects/cppAtomic/cmake-build-debug/CMakeFiles/CMakeTmp'
/usr/bin/make -f CMakeFiles/cmTC_12cdc.dir/build.make CMakeFiles/cmTC_12cdc.dir/build
make[2]: Entering directory '/home/sean/CLionProjects/cppAtomic/cmake-build-debug/CMakeFiles/CMakeTmp'
Building C object CMakeFiles/cmTC_12cdc.dir/CheckFunctionExists.c.o
/usr/bin/cc   -DCHECK_FUNCTION_EXISTS=pthread_create   -o CMakeFiles/cmTC_12cdc.dir/CheckFunctionExists.c.o   -c /home/sean/Downloads/clion-2017.2.3/bin/cmake/share/cmake-3.8/Modules/CheckFunctionExists.c
Linking C executable cmTC_12cdc
/home/sean/Downloads/clion-2017.2.3/bin/cmake/bin/cmake -E cmake_link_script CMakeFiles/cmTC_12cdc.dir/link.txt --verbose=1
/usr/bin/cc  -DCHECK_FUNCTION_EXISTS=pthread_create    CMakeFiles/cmTC_12cdc.dir/CheckFunctionExists.c.o  -o cmTC_12cdc -lpthreads 
/usr/bin/ld: cannot find -lpthreads
collect2: error: ld returned 1 exit status
CMakeFiles/cmTC_12cdc.dir/build.make:97: recipe for target 'cmTC_12cdc' failed
make[2]: *** [cmTC_12cdc] Error 1
make[2]: Leaving directory '/home/sean/CLionProjects/cppAtomic/cmake-build-debug/CMakeFiles/CMakeTmp'
Makefile:126: recipe for target 'cmTC_12cdc/fast' failed
make[1]: *** [cmTC_12cdc/fast] Error 2
make[1]: Leaving directory '/home/sean/CLionProjects/cppAtomic/cmake-build-debug/CMakeFiles/CMakeTmp'


