Determining if the pthread_create exist failed with the following output:
Change Dir: /home/sean/CLionProjects/multiThreadOneFun/cmake-build-debug/CMakeFiles/CMakeTmp

Run Build Command:"/usr/bin/make" "cmTC_f87be/fast"
make[1]: Entering directory '/home/sean/CLionProjects/multiThreadOneFun/cmake-build-debug/CMakeFiles/CMakeTmp'
/usr/bin/make -f CMakeFiles/cmTC_f87be.dir/build.make CMakeFiles/cmTC_f87be.dir/build
make[2]: Entering directory '/home/sean/CLionProjects/multiThreadOneFun/cmake-build-debug/CMakeFiles/CMakeTmp'
Building C object CMakeFiles/cmTC_f87be.dir/CheckSymbolExists.c.o
/usr/bin/cc   -std=gnu99 -o CMakeFiles/cmTC_f87be.dir/CheckSymbolExists.c.o   -c /home/sean/CLionProjects/multiThreadOneFun/cmake-build-debug/CMakeFiles/CMakeTmp/CheckSymbolExists.c
Linking C executable cmTC_f87be
/home/sean/Downloads/clion-2017.2.3/bin/cmake/bin/cmake -E cmake_link_script CMakeFiles/cmTC_f87be.dir/link.txt --verbose=1
/usr/bin/cc      CMakeFiles/cmTC_f87be.dir/CheckSymbolExists.c.o  -o cmTC_f87be 
CMakeFiles/cmTC_f87be.dir/CheckSymbolExists.c.o: In function `main':
CheckSymbolExists.c:(.text+0x16): undefined reference to `pthread_create'
collect2: error: ld returned 1 exit status
CMakeFiles/cmTC_f87be.dir/build.make:97: recipe for target 'cmTC_f87be' failed
make[2]: *** [cmTC_f87be] Error 1
make[2]: Leaving directory '/home/sean/CLionProjects/multiThreadOneFun/cmake-build-debug/CMakeFiles/CMakeTmp'
Makefile:126: recipe for target 'cmTC_f87be/fast' failed
make[1]: *** [cmTC_f87be/fast] Error 2
make[1]: Leaving directory '/home/sean/CLionProjects/multiThreadOneFun/cmake-build-debug/CMakeFiles/CMakeTmp'

File /home/sean/CLionProjects/multiThreadOneFun/cmake-build-debug/CMakeFiles/CMakeTmp/CheckSymbolExists.c:
/* */
#include <pthread.h>

int main(int argc, char** argv)
{
  (void)argv;
#ifndef pthread_create
  return ((int*)(&pthread_create))[argc];
#else
  (void)argc;
  return 0;
#endif
}

Determining if the function pthread_create exists in the pthreads failed with the following output:
Change Dir: /home/sean/CLionProjects/multiThreadOneFun/cmake-build-debug/CMakeFiles/CMakeTmp

Run Build Command:"/usr/bin/make" "cmTC_c869f/fast"
make[1]: Entering directory '/home/sean/CLionProjects/multiThreadOneFun/cmake-build-debug/CMakeFiles/CMakeTmp'
/usr/bin/make -f CMakeFiles/cmTC_c869f.dir/build.make CMakeFiles/cmTC_c869f.dir/build
make[2]: Entering directory '/home/sean/CLionProjects/multiThreadOneFun/cmake-build-debug/CMakeFiles/CMakeTmp'
Building C object CMakeFiles/cmTC_c869f.dir/CheckFunctionExists.c.o
/usr/bin/cc   -DCHECK_FUNCTION_EXISTS=pthread_create   -std=gnu99 -o CMakeFiles/cmTC_c869f.dir/CheckFunctionExists.c.o   -c /home/sean/Downloads/clion-2017.2.3/bin/cmake/share/cmake-3.8/Modules/CheckFunctionExists.c
Linking C executable cmTC_c869f
/home/sean/Downloads/clion-2017.2.3/bin/cmake/bin/cmake -E cmake_link_script CMakeFiles/cmTC_c869f.dir/link.txt --verbose=1
/usr/bin/cc  -DCHECK_FUNCTION_EXISTS=pthread_create    CMakeFiles/cmTC_c869f.dir/CheckFunctionExists.c.o  -o cmTC_c869f -lpthreads 
/usr/bin/ld: cannot find -lpthreads
collect2: error: ld returned 1 exit status
CMakeFiles/cmTC_c869f.dir/build.make:97: recipe for target 'cmTC_c869f' failed
make[2]: *** [cmTC_c869f] Error 1
make[2]: Leaving directory '/home/sean/CLionProjects/multiThreadOneFun/cmake-build-debug/CMakeFiles/CMakeTmp'
Makefile:126: recipe for target 'cmTC_c869f/fast' failed
make[1]: *** [cmTC_c869f/fast] Error 2
make[1]: Leaving directory '/home/sean/CLionProjects/multiThreadOneFun/cmake-build-debug/CMakeFiles/CMakeTmp'


