Determining if the pthread_create exist failed with the following output:
Change Dir: /home/sean/CLionProjects/atomic11/cmake-build-debug/CMakeFiles/CMakeTmp

Run Build Command:"/usr/bin/make" "cmTC_3ba37/fast"
make[1]: Entering directory '/home/sean/CLionProjects/atomic11/cmake-build-debug/CMakeFiles/CMakeTmp'
/usr/bin/make -f CMakeFiles/cmTC_3ba37.dir/build.make CMakeFiles/cmTC_3ba37.dir/build
make[2]: Entering directory '/home/sean/CLionProjects/atomic11/cmake-build-debug/CMakeFiles/CMakeTmp'
Building C object CMakeFiles/cmTC_3ba37.dir/CheckSymbolExists.c.o
/usr/bin/cc   -std=gnu11 -o CMakeFiles/cmTC_3ba37.dir/CheckSymbolExists.c.o   -c /home/sean/CLionProjects/atomic11/cmake-build-debug/CMakeFiles/CMakeTmp/CheckSymbolExists.c
Linking C executable cmTC_3ba37
/home/sean/Downloads/clion-2017.2.3/bin/cmake/bin/cmake -E cmake_link_script CMakeFiles/cmTC_3ba37.dir/link.txt --verbose=1
/usr/bin/cc      CMakeFiles/cmTC_3ba37.dir/CheckSymbolExists.c.o  -o cmTC_3ba37 
CMakeFiles/cmTC_3ba37.dir/CheckSymbolExists.c.o: In function `main':
CheckSymbolExists.c:(.text+0x16): undefined reference to `pthread_create'
collect2: error: ld returned 1 exit status
CMakeFiles/cmTC_3ba37.dir/build.make:97: recipe for target 'cmTC_3ba37' failed
make[2]: *** [cmTC_3ba37] Error 1
make[2]: Leaving directory '/home/sean/CLionProjects/atomic11/cmake-build-debug/CMakeFiles/CMakeTmp'
Makefile:126: recipe for target 'cmTC_3ba37/fast' failed
make[1]: *** [cmTC_3ba37/fast] Error 2
make[1]: Leaving directory '/home/sean/CLionProjects/atomic11/cmake-build-debug/CMakeFiles/CMakeTmp'

File /home/sean/CLionProjects/atomic11/cmake-build-debug/CMakeFiles/CMakeTmp/CheckSymbolExists.c:
/* */
#include <pthread.h>

int main(int argc, char** argv)
{
  (void)argv;
#ifndef pthread_create
  return ((int*)(&pthread_create))[argc];
#else
  (void)argc;
  return 0;
#endif
}

Determining if the function pthread_create exists in the pthreads failed with the following output:
Change Dir: /home/sean/CLionProjects/atomic11/cmake-build-debug/CMakeFiles/CMakeTmp

Run Build Command:"/usr/bin/make" "cmTC_51e26/fast"
make[1]: Entering directory '/home/sean/CLionProjects/atomic11/cmake-build-debug/CMakeFiles/CMakeTmp'
/usr/bin/make -f CMakeFiles/cmTC_51e26.dir/build.make CMakeFiles/cmTC_51e26.dir/build
make[2]: Entering directory '/home/sean/CLionProjects/atomic11/cmake-build-debug/CMakeFiles/CMakeTmp'
Building C object CMakeFiles/cmTC_51e26.dir/CheckFunctionExists.c.o
/usr/bin/cc   -DCHECK_FUNCTION_EXISTS=pthread_create   -std=gnu11 -o CMakeFiles/cmTC_51e26.dir/CheckFunctionExists.c.o   -c /home/sean/Downloads/clion-2017.2.3/bin/cmake/share/cmake-3.8/Modules/CheckFunctionExists.c
Linking C executable cmTC_51e26
/home/sean/Downloads/clion-2017.2.3/bin/cmake/bin/cmake -E cmake_link_script CMakeFiles/cmTC_51e26.dir/link.txt --verbose=1
/usr/bin/cc  -DCHECK_FUNCTION_EXISTS=pthread_create    CMakeFiles/cmTC_51e26.dir/CheckFunctionExists.c.o  -o cmTC_51e26 -lpthreads 
/usr/bin/ld: cannot find -lpthreads
collect2: error: ld returned 1 exit status
CMakeFiles/cmTC_51e26.dir/build.make:97: recipe for target 'cmTC_51e26' failed
make[2]: *** [cmTC_51e26] Error 1
make[2]: Leaving directory '/home/sean/CLionProjects/atomic11/cmake-build-debug/CMakeFiles/CMakeTmp'
Makefile:126: recipe for target 'cmTC_51e26/fast' failed
make[1]: *** [cmTC_51e26/fast] Error 2
make[1]: Leaving directory '/home/sean/CLionProjects/atomic11/cmake-build-debug/CMakeFiles/CMakeTmp'


